<?xml version="1.0" encoding="UTF-8"?>
<testng-results ignored="0" total="1" passed="1" failed="0" skipped="0">
  <reporter-output>
  </reporter-output>
  <suite started-at="2023-08-26T11:19:52 IST" name="Suite" finished-at="2023-08-26T11:19:58 IST" duration-ms="5354">
    <groups>
    </groups>
    <test started-at="2023-08-26T11:19:52 IST" name="Test" finished-at="2023-08-26T11:19:58 IST" duration-ms="5354">
      <class name="Flipkart_Test.test1">
        <test-method is-config="true" signature="launchBrowser()[pri:0, instance:Flipkart_Test.test1@1fa268de]" started-at="2023-08-26T11:19:52 IST" name="launchBrowser" finished-at="2023-08-26T11:19:57 IST" duration-ms="4879" status="PASS">
          <reporter-output>
          </reporter-output>
        </test-method> <!-- launchBrowser -->
        <test-method signature="testLogin()[pri:0, instance:Flipkart_Test.test1@1fa268de]" started-at="2023-08-26T11:19:57 IST" name="testLogin" finished-at="2023-08-26T11:19:57 IST" duration-ms="172" status="PASS">
          <reporter-output>
          </reporter-output>
        </test-method> <!-- testLogin -->
        <test-method is-config="true" signature="closeBrowser()[pri:0, instance:Flipkart_Test.test1@1fa268de]" started-at="2023-08-26T11:19:57 IST" name="closeBrowser" finished-at="2023-08-26T11:19:58 IST" duration-ms="261" status="PASS">
          <reporter-output>
          </reporter-output>
        </test-method> <!-- closeBrowser -->
      </class> <!-- Flipkart_Test.test1 -->
    </test> <!-- Test -->
  </suite> <!-- Suite -->
</testng-results>
